[debug] [2024-08-28T08:32:03.037Z] ----------------------------------------------------------------------
[debug] [2024-08-28T08:32:03.038Z] Command:       /opt/homebrew/Cellar/node@18/18.20.4/bin/node /opt/homebrew/bin/firebase emulators:start --only functions
[debug] [2024-08-28T08:32:03.038Z] CLI Version:   13.15.4
[debug] [2024-08-28T08:32:03.038Z] Platform:      darwin
[debug] [2024-08-28T08:32:03.038Z] Node Version:  v18.20.4
[debug] [2024-08-28T08:32:03.039Z] Time:          Wed Aug 28 2024 11:32:03 GMT+0300 (Eastern European Summer Time)
[debug] [2024-08-28T08:32:03.039Z] ----------------------------------------------------------------------
[debug] 
[debug] [2024-08-28T08:32:03.092Z] > command requires scopes: ["email","openid","https://www.googleapis.com/auth/cloudplatformprojects.readonly","https://www.googleapis.com/auth/firebase","https://www.googleapis.com/auth/cloud-platform"]
[debug] [2024-08-28T08:32:03.092Z] > authorizing via signed-in user (robertgermandev@gmail.com)
[info] i  emulators: Starting emulators: functions {"metadata":{"emulator":{"name":"hub"},"message":"Starting emulators: functions"}}
[debug] [2024-08-28T08:32:03.313Z] [logging] Logging Emulator only supports listening on one address (127.0.0.1). Not listening on ::1
[debug] [2024-08-28T08:32:03.313Z] assigned listening specs for emulators {"user":{"hub":[{"address":"127.0.0.1","family":"IPv4","port":4400},{"address":"::1","family":"IPv6","port":4400}],"ui":[{"address":"127.0.0.1","family":"IPv4","port":4000},{"address":"::1","family":"IPv6","port":4000}],"logging":[{"address":"127.0.0.1","family":"IPv4","port":4500}]},"metadata":{"message":"assigned listening specs for emulators"}}
[debug] [2024-08-28T08:32:03.316Z] [hub] writing locator at /var/folders/43/xqll1qvd75b94d1959955hfc0000gn/T/hub-sacramento-ecommerce.json
[debug] [2024-08-28T08:32:03.458Z] [functions] Functions Emulator only supports listening on one address (127.0.0.1). Not listening on ::1
[debug] [2024-08-28T08:32:03.459Z] [eventarc] Eventarc Emulator only supports listening on one address (127.0.0.1). Not listening on ::1
[debug] [2024-08-28T08:32:03.459Z] late-assigned ports for functions and eventarc emulators {"user":{"hub":[{"address":"127.0.0.1","family":"IPv4","port":4400},{"address":"::1","family":"IPv6","port":4400}],"ui":[{"address":"127.0.0.1","family":"IPv4","port":4000},{"address":"::1","family":"IPv6","port":4000}],"logging":[{"address":"127.0.0.1","family":"IPv4","port":4500}],"functions":[{"address":"127.0.0.1","family":"IPv4","port":5001}],"eventarc":[{"address":"127.0.0.1","family":"IPv4","port":9299}]},"metadata":{"message":"late-assigned ports for functions and eventarc emulators"}}
[warn] ⚠  functions: The following emulators are not running, calls to these services from the Functions emulator will affect production: auth, firestore, database, hosting, pubsub, storage, dataconnect {"metadata":{"emulator":{"name":"functions"},"message":"The following emulators are not running, calls to these services from the Functions emulator will affect production: \u001b[1mauth, firestore, database, hosting, pubsub, storage, dataconnect\u001b[22m"}}
[debug] [2024-08-28T08:32:03.460Z] defaultcredentials: writing to file /Users/robertgerman/.config/firebase/robertgermandev_gmail_com_application_default_credentials.json
[debug] [2024-08-28T08:32:03.464Z] Setting GAC to /Users/robertgerman/.config/firebase/robertgermandev_gmail_com_application_default_credentials.json {"metadata":{"emulator":{"name":"functions"},"message":"Setting GAC to /Users/robertgerman/.config/firebase/robertgermandev_gmail_com_application_default_credentials.json"}}
[debug] [2024-08-28T08:32:03.465Z] > refreshing access token with scopes: []
[debug] [2024-08-28T08:32:03.465Z] >>> [apiv2][query] POST https://www.googleapis.com/oauth2/v3/token [none]
[debug] [2024-08-28T08:32:03.466Z] >>> [apiv2][body] POST https://www.googleapis.com/oauth2/v3/token [omitted]
[debug] [2024-08-28T08:32:03.611Z] <<< [apiv2][status] POST https://www.googleapis.com/oauth2/v3/token 200
[debug] [2024-08-28T08:32:03.611Z] <<< [apiv2][body] POST https://www.googleapis.com/oauth2/v3/token [omitted]
[debug] [2024-08-28T08:32:03.622Z] >>> [apiv2][query] GET https://firebase.googleapis.com/v1beta1/projects/sacramento-ecommerce/adminSdkConfig [none]
[debug] [2024-08-28T08:32:04.051Z] <<< [apiv2][status] GET https://firebase.googleapis.com/v1beta1/projects/sacramento-ecommerce/adminSdkConfig 200
[debug] [2024-08-28T08:32:04.051Z] <<< [apiv2][body] GET https://firebase.googleapis.com/v1beta1/projects/sacramento-ecommerce/adminSdkConfig {"projectId":"sacramento-ecommerce","databaseURL":"https://sacramento-ecommerce-default-rtdb.firebaseio.com","storageBucket":"sacramento-ecommerce.appspot.com"}
[debug] [2024-08-28T08:32:04.071Z] Ignoring unsupported arg: auto_download {"metadata":{"emulator":{"name":"ui"},"message":"Ignoring unsupported arg: auto_download"}}
[debug] [2024-08-28T08:32:04.071Z] Ignoring unsupported arg: port {"metadata":{"emulator":{"name":"ui"},"message":"Ignoring unsupported arg: port"}}
[debug] [2024-08-28T08:32:04.071Z] Starting Emulator UI with command {"binary":"node","args":["/Users/robertgerman/.cache/firebase/emulators/ui-v1.13.0/server/server.mjs"],"optionalArgs":[],"joinArgs":false,"shell":false} {"metadata":{"emulator":{"name":"ui"},"message":"Starting Emulator UI with command {\"binary\":\"node\",\"args\":[\"/Users/robertgerman/.cache/firebase/emulators/ui-v1.13.0/server/server.mjs\"],\"optionalArgs\":[],\"joinArgs\":false,\"shell\":false}"}}
[info] i  ui: Emulator UI logging to ui-debug.log {"metadata":{"emulator":{"name":"ui"},"message":"Emulator UI logging to \u001b[1mui-debug.log\u001b[22m"}}
[debug] [2024-08-28T08:32:04.168Z] Web / API server started at 127.0.0.1:4000
Web / API server started at ::1:4000
 {"metadata":{"emulator":{"name":"ui"},"message":"Web / API server started at 127.0.0.1:4000\nWeb / API server started at ::1:4000\n"}}
[info] i  functions: Watching "/Users/robertgerman/sacramento-ecommerce/functions" for Cloud Functions... {"metadata":{"emulator":{"name":"functions"},"message":"Watching \"/Users/robertgerman/sacramento-ecommerce/functions\" for Cloud Functions..."}}
[debug] [2024-08-28T08:32:04.284Z] Validating nodejs source
[debug] [2024-08-28T08:32:04.654Z] > [functions] package.json contents: {
  "name": "functions",
  "description": "Cloud Functions for Firebase",
  "scripts": {
    "lint": "eslint .",
    "serve": "firebase emulators:start --only functions",
    "shell": "firebase functions:shell",
    "start": "npm run shell",
    "deploy": "firebase deploy --only functions",
    "logs": "firebase functions:log"
  },
  "engines": {
    "node": "18"
  },
  "main": "index.js",
  "dependencies": {
    "cors": "^2.8.5",
    "express": "^4.19.2",
    "firebase-admin": "^12.1.0",
    "firebase-functions": "^5.0.0",
    "stripe": "^16.8.0"
  },
  "devDependencies": {
    "eslint": "^8.15.0",
    "eslint-config-google": "^0.14.0",
    "firebase-functions-test": "^3.1.0"
  },
  "private": true
}
[debug] [2024-08-28T08:32:04.654Z] Building nodejs source
[debug] [2024-08-28T08:32:04.654Z] Failed to find version of module node: reached end of search path /Users/robertgerman/sacramento-ecommerce/functions/node_modules
[info] ✔  functions: Using node@18 from host. 
[debug] [2024-08-28T08:32:04.656Z] Could not find functions.yaml. Must use http discovery
[debug] [2024-08-28T08:32:04.660Z] Found firebase-functions binary at '/Users/robertgerman/sacramento-ecommerce/functions/node_modules/.bin/firebase-functions'
[info] Serving at port 8565

[debug] [2024-08-28T08:32:05.001Z] Got response from /__/functions.yaml {"endpoints":{"api":{"platform":"gcfv1","availableMemoryMb":null,"timeoutSeconds":null,"minInstances":null,"maxInstances":null,"ingressSettings":null,"serviceAccountEmail":null,"vpc":null,"httpsTrigger":{},"entryPoint":"api"}},"specVersion":"v1alpha1","requiredAPIs":[],"extensions":{}}
[info] ✔  functions: Loaded functions definitions from source: api. {"metadata":{"emulator":{"name":"functions"},"message":"Loaded functions definitions from source: api."}}
[info] ✔  functions[us-central1-api]: http function initialized (http://127.0.0.1:5001/sacramento-ecommerce/us-central1/api). {"metadata":{"emulator":{"name":"functions"},"message":"\u001b[1mhttp\u001b[22m function initialized (http://127.0.0.1:5001/sacramento-ecommerce/us-central1/api)."}}
[info] 
┌─────────────────────────────────────────────────────────────┐
│ ✔  All emulators ready! It is now safe to connect your app. │
│ i  View Emulator UI at http://127.0.0.1:4000/               │
└─────────────────────────────────────────────────────────────┘

┌───────────┬────────────────┬─────────────────────────────────┐
│ Emulator  │ Host:Port      │ View in Emulator UI             │
├───────────┼────────────────┼─────────────────────────────────┤
│ Functions │ 127.0.0.1:5001 │ http://127.0.0.1:4000/functions │
└───────────┴────────────────┴─────────────────────────────────┘
  Emulator Hub running at 127.0.0.1:4400
  Other reserved ports: 4500

Issues? Report them at https://github.com/firebase/firebase-tools/issues and attach the *-debug.log files.
 
[debug] [2024-08-28T11:09:25.817Z] File /Users/robertgerman/sacramento-ecommerce/functions/index.js changed, reloading triggers {"metadata":{"emulator":{"name":"functions"},"message":"File /Users/robertgerman/sacramento-ecommerce/functions/index.js changed, reloading triggers"}}
[debug] [2024-08-28T11:09:26.823Z] Validating nodejs source
[debug] [2024-08-28T11:09:27.317Z] > [functions] package.json contents: {
  "name": "functions",
  "description": "Cloud Functions for Firebase",
  "scripts": {
    "lint": "eslint .",
    "serve": "firebase emulators:start --only functions",
    "shell": "firebase functions:shell",
    "start": "npm run shell",
    "deploy": "firebase deploy --only functions",
    "logs": "firebase functions:log"
  },
  "engines": {
    "node": "18"
  },
  "main": "index.js",
  "dependencies": {
    "cors": "^2.8.5",
    "express": "^4.19.2",
    "firebase-admin": "^12.1.0",
    "firebase-functions": "^5.0.0",
    "stripe": "^16.8.0"
  },
  "devDependencies": {
    "eslint": "^8.15.0",
    "eslint-config-google": "^0.14.0",
    "firebase-functions-test": "^3.1.0"
  },
  "private": true
}
[debug] [2024-08-28T11:09:27.317Z] Building nodejs source
[debug] [2024-08-28T11:09:27.317Z] Failed to find version of module node: reached end of search path /Users/robertgerman/sacramento-ecommerce/functions/node_modules
[info] ✔  functions: Using node@18 from host. 
[debug] [2024-08-28T11:09:27.318Z] Could not find functions.yaml. Must use http discovery
[debug] [2024-08-28T11:09:27.319Z] Found firebase-functions binary at '/Users/robertgerman/sacramento-ecommerce/functions/node_modules/.bin/firebase-functions'
[info] Serving at port 8522

[debug] [2024-08-28T11:09:27.632Z] Got response from /__/functions.yaml {"endpoints":{"api":{"platform":"gcfv1","availableMemoryMb":null,"timeoutSeconds":null,"minInstances":null,"maxInstances":null,"ingressSettings":null,"serviceAccountEmail":null,"vpc":null,"httpsTrigger":{},"entryPoint":"api"}},"specVersion":"v1alpha1","requiredAPIs":[],"extensions":{}}
[info] ✔  functions: Loaded functions definitions from source: api. {"metadata":{"emulator":{"name":"functions"},"message":"Loaded functions definitions from source: api."}}
[debug] [2024-08-28T11:10:58.865Z] File /Users/robertgerman/sacramento-ecommerce/functions/index.js changed, reloading triggers {"metadata":{"emulator":{"name":"functions"},"message":"File /Users/robertgerman/sacramento-ecommerce/functions/index.js changed, reloading triggers"}}
[debug] [2024-08-28T11:10:59.867Z] Validating nodejs source
[debug] [2024-08-28T11:11:00.260Z] > [functions] package.json contents: {
  "name": "functions",
  "description": "Cloud Functions for Firebase",
  "scripts": {
    "lint": "eslint .",
    "serve": "firebase emulators:start --only functions",
    "shell": "firebase functions:shell",
    "start": "npm run shell",
    "deploy": "firebase deploy --only functions",
    "logs": "firebase functions:log"
  },
  "engines": {
    "node": "18"
  },
  "main": "index.js",
  "dependencies": {
    "cors": "^2.8.5",
    "express": "^4.19.2",
    "firebase-admin": "^12.1.0",
    "firebase-functions": "^5.0.0",
    "stripe": "^16.8.0"
  },
  "devDependencies": {
    "eslint": "^8.15.0",
    "eslint-config-google": "^0.14.0",
    "firebase-functions-test": "^3.1.0"
  },
  "private": true
}
[debug] [2024-08-28T11:11:00.260Z] Building nodejs source
[debug] [2024-08-28T11:11:00.260Z] Failed to find version of module node: reached end of search path /Users/robertgerman/sacramento-ecommerce/functions/node_modules
[info] ✔  functions: Using node@18 from host. 
[debug] [2024-08-28T11:11:00.260Z] Could not find functions.yaml. Must use http discovery
[debug] [2024-08-28T11:11:00.261Z] Found firebase-functions binary at '/Users/robertgerman/sacramento-ecommerce/functions/node_modules/.bin/firebase-functions'
[info] Serving at port 8520

[debug] [2024-08-28T11:11:00.555Z] Got response from /__/functions.yaml {"endpoints":{"api":{"platform":"gcfv1","availableMemoryMb":null,"timeoutSeconds":null,"minInstances":null,"maxInstances":null,"ingressSettings":null,"serviceAccountEmail":null,"vpc":null,"httpsTrigger":{},"entryPoint":"api"}},"specVersion":"v1alpha1","requiredAPIs":[],"extensions":{}}
[info] ✔  functions: Loaded functions definitions from source: api. {"metadata":{"emulator":{"name":"functions"},"message":"Loaded functions definitions from source: api."}}
[debug] [2024-08-28T11:11:01.270Z] File /Users/robertgerman/sacramento-ecommerce/functions/index.js changed, reloading triggers {"metadata":{"emulator":{"name":"functions"},"message":"File /Users/robertgerman/sacramento-ecommerce/functions/index.js changed, reloading triggers"}}
[debug] [2024-08-28T11:11:02.270Z] Validating nodejs source
[debug] [2024-08-28T11:11:02.676Z] > [functions] package.json contents: {
  "name": "functions",
  "description": "Cloud Functions for Firebase",
  "scripts": {
    "lint": "eslint .",
    "serve": "firebase emulators:start --only functions",
    "shell": "firebase functions:shell",
    "start": "npm run shell",
    "deploy": "firebase deploy --only functions",
    "logs": "firebase functions:log"
  },
  "engines": {
    "node": "18"
  },
  "main": "index.js",
  "dependencies": {
    "cors": "^2.8.5",
    "express": "^4.19.2",
    "firebase-admin": "^12.1.0",
    "firebase-functions": "^5.0.0",
    "stripe": "^16.8.0"
  },
  "devDependencies": {
    "eslint": "^8.15.0",
    "eslint-config-google": "^0.14.0",
    "firebase-functions-test": "^3.1.0"
  },
  "private": true
}
[debug] [2024-08-28T11:11:02.676Z] Building nodejs source
[debug] [2024-08-28T11:11:02.676Z] Failed to find version of module node: reached end of search path /Users/robertgerman/sacramento-ecommerce/functions/node_modules
[info] ✔  functions: Using node@18 from host. 
[debug] [2024-08-28T11:11:02.676Z] Could not find functions.yaml. Must use http discovery
[debug] [2024-08-28T11:11:02.677Z] Found firebase-functions binary at '/Users/robertgerman/sacramento-ecommerce/functions/node_modules/.bin/firebase-functions'
[info] Serving at port 8978

[debug] [2024-08-28T11:11:02.861Z] Got response from /__/functions.yaml {"endpoints":{"api":{"platform":"gcfv1","availableMemoryMb":null,"timeoutSeconds":null,"minInstances":null,"maxInstances":null,"ingressSettings":null,"serviceAccountEmail":null,"vpc":null,"httpsTrigger":{},"entryPoint":"api"}},"specVersion":"v1alpha1","requiredAPIs":[],"extensions":{}}
[info] ✔  functions: Loaded functions definitions from source: api. {"metadata":{"emulator":{"name":"functions"},"message":"Loaded functions definitions from source: api."}}
